<?xml version="1.0" encoding="UTF-8"?>
<!-- Generated by org.testng.reporters.JUnitReportReporter -->
<testsuite skipped="0" hostname="Ajay3147361" name="com.mts.tests.WebViewSwitchingTest" tests="1" failures="0" timestamp="05 May 2021 09:06:23 GMT" time="49.519" errors="0">
  <testcase name="verifyContextSwitching" time="49.519" classname="com.mts.tests.WebViewSwitchingTest"/>
</testsuite> <!-- com.mts.tests.WebViewSwitchingTest -->
