<?xml version="1.0" encoding="UTF-8"?>
<!-- Generated by org.testng.reporters.JUnitReportReporter -->
<testsuite skipped="2" hostname="Ajay3147361" name="com.mts.tests.GeneralStoreTest" tests="4" failures="0" timestamp="05 May 2021 09:34:32 GMT" time="22.572" errors="0">
  <testcase name="sampleTest1" time="9.805" classname="com.mts.tests.GeneralStoreTest"/>
  <testcase name="sampleTest1" time="12.767" classname="com.mts.tests.GeneralStoreTest"/>
  <testcase name="verifyIncompleteFormFillup" classname="com.mts.tests.GeneralStoreTest">
    <skipped/>
  </testcase> <!-- verifyIncompleteFormFillup -->
  <testcase name="verifyFormFilUp" classname="com.mts.tests.GeneralStoreTest">
    <skipped/>
  </testcase> <!-- verifyFormFilUp -->
</testsuite> <!-- com.mts.tests.GeneralStoreTest -->
