<?xml version="1.0" encoding="UTF-8"?>
<!-- Generated by org.testng.reporters.JUnitReportReporter -->
<testsuite skipped="0" hostname="Ajay3147361" name="com.mts.tests.CartPageTest" tests="1" failures="0" timestamp="05 May 2021 09:02:37 GMT" time="22.078" errors="0">
  <testcase name="verifyTermsAndConditions" time="22.078" classname="com.mts.tests.CartPageTest"/>
</testsuite> <!-- com.mts.tests.CartPageTest -->
