<?xml version="1.0" encoding="UTF-8"?>
<!-- Generated by org.testng.reporters.JUnitReportReporter -->
<testsuite skipped="2" hostname="Ajay3147361" name="com.mts.tests.WebViewSwitchingTest" tests="3" failures="0" timestamp="06 May 2021 09:53:39 GMT" time="56.766" errors="0">
  <testcase name="averifyContextSwitchingBack" time="56.766" classname="com.mts.tests.WebViewSwitchingTest"/>
  <testcase name="dependsverifyContextSwitchingBack" classname="com.mts.tests.WebViewSwitchingTest">
    <skipped/>
  </testcase> <!-- dependsverifyContextSwitchingBack -->
  <testcase name="verifyContextSwitching" classname="com.mts.tests.WebViewSwitchingTest">
    <skipped/>
  </testcase> <!-- verifyContextSwitching -->
</testsuite> <!-- com.mts.tests.WebViewSwitchingTest -->
