<?xml version="1.0" encoding="UTF-8"?>
<!-- Generated by org.testng.reporters.JUnitReportReporter -->
<testsuite skipped="2" hostname="Ajay3147361" name="com.mts.tests.GeneralStoreTest" tests="4" failures="0" timestamp="05 May 2021 10:45:12 GMT" time="23.498" errors="0">
  <testcase name="sampleTest1" time="9.981" classname="com.mts.tests.GeneralStoreTest"/>
  <testcase name="sampleTest1" time="13.517" classname="com.mts.tests.GeneralStoreTest"/>
  <testcase name="verifyFormFilUp" classname="com.mts.tests.GeneralStoreTest">
    <skipped/>
  </testcase> <!-- verifyFormFilUp -->
  <testcase name="verifyIncompleteFormFillup" classname="com.mts.tests.GeneralStoreTest">
    <skipped/>
  </testcase> <!-- verifyIncompleteFormFillup -->
</testsuite> <!-- com.mts.tests.GeneralStoreTest -->
