<?xml version="1.0" encoding="UTF-8"?>
<!-- Generated by org.testng.reporters.JUnitReportReporter -->
<testsuite skipped="0" hostname="Ajay3147361" name="com.mts.tests.CartPageTest" tests="2" failures="0" timestamp="05 May 2021 10:45:12 GMT" time="41.399" errors="0">
  <testcase name="verifyTermsAndConditions" time="23.020" classname="com.mts.tests.CartPageTest"/>
  <testcase name="verifyCartSum" time="18.379" classname="com.mts.tests.CartPageTest"/>
</testsuite> <!-- com.mts.tests.CartPageTest -->
