<?xml version="1.0" encoding="UTF-8"?>
<!-- Generated by org.testng.reporters.JUnitReportReporter -->
<testsuite skipped="1" hostname="Ajay3147361" name="com.mts.tests.ProductPageTest" tests="2" failures="0" timestamp="05 May 2021 10:45:12 GMT" time="14.898" errors="0">
  <testcase name="verifyProductPageAddToCart" time="14.898" classname="com.mts.tests.ProductPageTest"/>
  <testcase name="verifyProductPage" classname="com.mts.tests.ProductPageTest">
    <skipped/>
  </testcase> <!-- verifyProductPage -->
</testsuite> <!-- com.mts.tests.ProductPageTest -->
