<?xml version="1.0" encoding="UTF-8"?>
<!-- Generated by org.testng.reporters.JUnitReportReporter -->
<testsuite skipped="0" hostname="Ajay3147361" name="com.mts.tests.DummyTest" tests="2" failures="0" timestamp="05 May 2021 10:45:12 GMT" time="0.000" errors="0">
  <testcase name="dummyTest2" time="0.000" classname="com.mts.tests.DummyTest"/>
  <testcase name="dummyTest1" time="0.000" classname="com.mts.tests.DummyTest"/>
</testsuite> <!-- com.mts.tests.DummyTest -->
